  [1m[35m (127.2ms)[0m  [1m[35mCREATE DATABASE "ninty_cats_development" ENCODING = 'unicode'[0m
  [1m[35m (42.8ms)[0m  [1m[35mCREATE DATABASE "ninty_cats_test" ENCODING = 'unicode'[0m
  [1m[35m (11.2ms)[0m  [1m[35mCREATE TABLE "schema_migrations" ("version" character varying NOT NULL PRIMARY KEY)[0m
  [1m[35m (2.2ms)[0m  [1m[35mCREATE TABLE "ar_internal_metadata" ("key" character varying NOT NULL PRIMARY KEY, "value" character varying, "created_at" timestamp(6) NOT NULL, "updated_at" timestamp(6) NOT NULL)[0m
  [1m[35m (0.3ms)[0m  [1m[34mSELECT pg_try_advisory_lock(856988904352136535)[0m
  [1m[36mActiveRecord::SchemaMigration Pluck (0.2ms)[0m  [1m[34mSELECT "schema_migrations"."version" FROM "schema_migrations" ORDER BY "schema_migrations"."version" ASC[0m
Migrating to CreateCats (20220826161133)
  [1m[36mTRANSACTION (0.0ms)[0m  [1m[35mBEGIN[0m
  [1m[35m (3.3ms)[0m  [1m[35mCREATE TABLE "cats" ("id" bigserial primary key, "birth_date" date NOT NULL, "color" character varying NOT NULL, "name" character varying NOT NULL, "sex" character varying(1) NOT NULL, "description" text, "created_at" timestamp(6) NOT NULL, "updated_at" timestamp(6) NOT NULL)[0m
  [1m[36mActiveRecord::SchemaMigration Create (0.4ms)[0m  [1m[32mINSERT INTO "schema_migrations" ("version") VALUES ($1) RETURNING "version"[0m  [["version", "20220826161133"]]
  [1m[36mTRANSACTION (0.2ms)[0m  [1m[35mCOMMIT[0m
  [1m[36mActiveRecord::InternalMetadata Load (0.2ms)[0m  [1m[34mSELECT "ar_internal_metadata".* FROM "ar_internal_metadata" WHERE "ar_internal_metadata"."key" = $1 LIMIT $2[0m  [["key", "environment"], ["LIMIT", 1]]
  [1m[36mTRANSACTION (0.0ms)[0m  [1m[35mBEGIN[0m
  [1m[36mActiveRecord::InternalMetadata Create (2.0ms)[0m  [1m[32mINSERT INTO "ar_internal_metadata" ("key", "value", "created_at", "updated_at") VALUES ($1, $2, $3, $4) RETURNING "key"[0m  [["key", "environment"], ["value", "development"], ["created_at", "2022-08-26 16:15:24.807119"], ["updated_at", "2022-08-26 16:15:24.807119"]]
  [1m[36mTRANSACTION (0.1ms)[0m  [1m[35mCOMMIT[0m
  [1m[35m (0.2ms)[0m  [1m[34mSELECT pg_advisory_unlock(856988904352136535)[0m
  [1m[36mActiveRecord::SchemaMigration Pluck (0.2ms)[0m  [1m[34mSELECT "schema_migrations"."version" FROM "schema_migrations" ORDER BY "schema_migrations"."version" ASC[0m
  [1m[36mActiveRecord::SchemaMigration Pluck (0.4ms)[0m  [1m[34mSELECT "schema_migrations"."version" FROM "schema_migrations" ORDER BY "schema_migrations"."version" ASC[0m
  [1m[36mTRANSACTION (1.6ms)[0m  [1m[35mBEGIN[0m
  [1m[36mCat Create (6.8ms)[0m  [1m[32mINSERT INTO "cats" ("birth_date", "color", "name", "sex", "description", "created_at", "updated_at") VALUES ($1, $2, $3, $4, $5, $6, $7) RETURNING "id"[0m  [["birth_date", "2010-01-01"], ["color", "Black"], ["name", "hello"], ["sex", "M"], ["description", nil], ["created_at", "2022-08-26 19:24:20.432617"], ["updated_at", "2022-08-26 19:24:20.432617"]]
  [1m[36mTRANSACTION (1.4ms)[0m  [1m[35mCOMMIT[0m
Started GET "/" for ::1 at 2022-08-26 15:47:04 -0400
  [1m[36mActiveRecord::SchemaMigration Pluck (1.2ms)[0m  [1m[34mSELECT "schema_migrations"."version" FROM "schema_migrations" ORDER BY "schema_migrations"."version" ASC[0m
Processing by Rails::WelcomeController#index as HTML
  Rendering /Users/xiangweiliu/.rbenv/versions/3.1.1/lib/ruby/gems/3.1.0/gems/railties-7.0.3.1/lib/rails/templates/rails/welcome/index.html.erb
  Rendered /Users/xiangweiliu/.rbenv/versions/3.1.1/lib/ruby/gems/3.1.0/gems/railties-7.0.3.1/lib/rails/templates/rails/welcome/index.html.erb (Duration: 1.1ms | Allocations: 549)
Completed 200 OK in 4ms (Views: 2.7ms | ActiveRecord: 0.0ms | Allocations: 2822)


Started GET "/cats" for ::1 at 2022-08-26 15:47:24 -0400
Processing by CatsController#index as HTML
Completed 500 Internal Server Error in 5ms (ActiveRecord: 0.0ms | Allocations: 2517)



NameError - uninitialized constant CatsController::Cats
        @cats = Cats.all
                ^^^^:
  app/controllers/cats_controller.rb:3:in `index'

Started POST "/__better_errors/a6cfaeb2814c1c6a/variables" for ::1 at 2022-08-26 15:47:25 -0400
Started GET "/cat" for ::1 at 2022-08-26 15:47:38 -0400
  
ActionController::RoutingError (No route matches [GET] "/cat"):
  
Started GET "/cats" for ::1 at 2022-08-26 15:47:43 -0400
Processing by CatsController#index as HTML
Completed 500 Internal Server Error in 7ms (ActiveRecord: 0.0ms | Allocations: 2380)



NameError - uninitialized constant CatsController::Cats
        @cats = Cats.all
                ^^^^:
  app/controllers/cats_controller.rb:3:in `index'

Started POST "/__better_errors/bc1b8f33426ccf1f/variables" for ::1 at 2022-08-26 15:47:43 -0400
Started GET "/cats/1" for ::1 at 2022-08-26 15:47:57 -0400
Processing by CatsController#show as HTML
  Parameters: {"id"=>"1"}
  [1m[36mCat Load (1.7ms)[0m  [1m[34mSELECT "cats".* FROM "cats" WHERE "cats"."id" = $1 LIMIT $2[0m  [["id", 1], ["LIMIT", 1]]
  ↳ app/controllers/cats_controller.rb:20:in `show'
Completed 500 Internal Server Error in 51ms (ActiveRecord: 14.1ms | Allocations: 11589)



ActionView::MissingTemplate - Missing template cats/show, application/show with {:locale=>[:en], :formats=>[:html], :variants=>[], :handlers=>[:raw, :erb, :html, :builder, :ruby]}.
Searched in:
  * "/Users/xiangweiliu/Desktop/Pair Programing/W6D5/ninty_cats/app/views"
Did you mean?  cats/new
               layouts/application:
  app/controllers/cats_controller.rb:21:in `show'

Started POST "/__better_errors/7e8afedabd880db2/variables" for ::1 at 2022-08-26 15:47:58 -0400
Started GET "/cats/1" for ::1 at 2022-08-26 15:57:42 -0400
  [1m[36mActiveRecord::SchemaMigration Pluck (0.5ms)[0m  [1m[34mSELECT "schema_migrations"."version" FROM "schema_migrations" ORDER BY "schema_migrations"."version" ASC[0m
Processing by CatsController#show as HTML
  Parameters: {"id"=>"1"}
  [1m[36mCat Load (2.2ms)[0m  [1m[34mSELECT "cats".* FROM "cats" WHERE "cats"."id" = $1 LIMIT $2[0m  [["id", 1], ["LIMIT", 1]]
  ↳ app/controllers/cats_controller.rb:20:in `show'
  Rendering layout layouts/application.html.erb
  Rendering cats/show.html.erb within layouts/application
  Rendered cats/show.html.erb within layouts/application (Duration: 0.6ms | Allocations: 353)
  Rendered layout layouts/application.html.erb (Duration: 16.4ms | Allocations: 7127)
Completed 200 OK in 34ms (Views: 21.0ms | ActiveRecord: 4.9ms | Allocations: 19102)


Started GET "/cats/1" for ::1 at 2022-08-26 15:57:47 -0400
Processing by CatsController#show as HTML
  Parameters: {"id"=>"1"}
  [1m[36mCat Load (0.8ms)[0m  [1m[34mSELECT "cats".* FROM "cats" WHERE "cats"."id" = $1 LIMIT $2[0m  [["id", 1], ["LIMIT", 1]]
  ↳ app/controllers/cats_controller.rb:20:in `show'
  Rendering layout layouts/application.html.erb
  Rendering cats/show.html.erb within layouts/application
  Rendered cats/show.html.erb within layouts/application (Duration: 0.1ms | Allocations: 18)
  Rendered layout layouts/application.html.erb (Duration: 4.1ms | Allocations: 1264)
Completed 200 OK in 17ms (Views: 10.2ms | ActiveRecord: 0.8ms | Allocations: 2101)


Started GET "/cats" for ::1 at 2022-08-26 15:57:53 -0400
Processing by CatsController#index as HTML
Completed 500 Internal Server Error in 10ms (ActiveRecord: 0.0ms | Allocations: 2487)



NameError - uninitialized constant CatsController::Cats
        @cats = Cats.all
                ^^^^:
  app/controllers/cats_controller.rb:3:in `index'

Started POST "/__better_errors/9d8edc38281845e4/variables" for ::1 at 2022-08-26 15:57:54 -0400
Started GET "/cats/1" for ::1 at 2022-08-26 15:58:02 -0400
Processing by CatsController#show as HTML
  Parameters: {"id"=>"1"}
  [1m[36mCat Load (1.1ms)[0m  [1m[34mSELECT "cats".* FROM "cats" WHERE "cats"."id" = $1 LIMIT $2[0m  [["id", 1], ["LIMIT", 1]]
  ↳ app/controllers/cats_controller.rb:20:in `show'
  Rendering layout layouts/application.html.erb
  Rendering cats/show.html.erb within layouts/application
  Rendered cats/show.html.erb within layouts/application (Duration: 0.3ms | Allocations: 20)
  Rendered layout layouts/application.html.erb (Duration: 4.8ms | Allocations: 1389)
Completed 200 OK in 22ms (Views: 8.1ms | ActiveRecord: 1.1ms | Allocations: 2252)


Started GET "/cats" for ::1 at 2022-08-26 15:58:29 -0400
Processing by CatsController#index as HTML
Completed 500 Internal Server Error in 13ms (ActiveRecord: 0.0ms | Allocations: 2375)



NameError - uninitialized constant CatsController::Cats
        @cats = Cats.all
                ^^^^:
  app/controllers/cats_controller.rb:3:in `index'

Started POST "/__better_errors/31a606412d78a338/variables" for ::1 at 2022-08-26 15:58:30 -0400
Started GET "/cats" for ::1 at 2022-08-26 15:58:40 -0400
Processing by CatsController#index as HTML
Completed 500 Internal Server Error in 10ms (ActiveRecord: 0.0ms | Allocations: 2385)



NameError - uninitialized constant CatsController::Cats
        @cats = Cats.all
                ^^^^:
  app/controllers/cats_controller.rb:3:in `index'

Started POST "/__better_errors/ef24f1488b74bb65/variables" for ::1 at 2022-08-26 15:58:40 -0400
Started GET "/cats" for ::1 at 2022-08-26 15:59:10 -0400
Processing by CatsController#index as HTML
Completed 500 Internal Server Error in 7ms (ActiveRecord: 0.0ms | Allocations: 2380)



NameError - uninitialized constant CatsController::Cats
        @cats = Cats.all
                ^^^^:
  app/controllers/cats_controller.rb:3:in `index'

Started POST "/__better_errors/2dfb7c839ccc0f2c/variables" for ::1 at 2022-08-26 15:59:11 -0400
Started GET "/cats" for ::1 at 2022-08-26 15:59:11 -0400
Processing by CatsController#index as HTML
Completed 500 Internal Server Error in 3ms (ActiveRecord: 0.0ms | Allocations: 2381)



NameError - uninitialized constant CatsController::Cats
        @cats = Cats.all
                ^^^^:
  app/controllers/cats_controller.rb:3:in `index'

Started POST "/__better_errors/0828f4b12eef3b7a/variables" for ::1 at 2022-08-26 15:59:11 -0400
Started GET "/cats" for ::1 at 2022-08-26 15:59:22 -0400
Processing by CatsController#index as HTML
  Rendering layout layouts/application.html.erb
  Rendering cats/index.html.erb within layouts/application
  Rendered cats/index.html.erb within layouts/application (Duration: 1.0ms | Allocations: 134)
  Rendered layout layouts/application.html.erb (Duration: 3.6ms | Allocations: 1761)
Completed 200 OK in 7ms (Views: 4.8ms | ActiveRecord: 0.0ms | Allocations: 3455)


Started GET "/cats" for ::1 at 2022-08-26 16:00:35 -0400
Processing by CatsController#index as HTML
  Rendering layout layouts/application.html.erb
  Rendering cats/index.html.erb within layouts/application
  Rendered cats/index.html.erb within layouts/application (Duration: 0.1ms | Allocations: 18)
  Rendered layout layouts/application.html.erb (Duration: 5.0ms | Allocations: 1241)
Completed 200 OK in 8ms (Views: 7.7ms | ActiveRecord: 0.0ms | Allocations: 1471)


Started GET "/cats" for ::1 at 2022-08-26 16:05:12 -0400
Processing by CatsController#index as HTML
  Rendering layout layouts/application.html.erb
  Rendering cats/index.html.erb within layouts/application
  [1m[36mCat Load (0.4ms)[0m  [1m[34mSELECT "cats".* FROM "cats"[0m
  ↳ app/views/cats/index.html.erb:4
  Rendered cats/index.html.erb within layouts/application (Duration: 49.8ms | Allocations: 8774)
  Rendered layout layouts/application.html.erb (Duration: 50.0ms | Allocations: 8877)
Completed 500 Internal Server Error in 65ms (ActiveRecord: 18.9ms | Allocations: 9563)



ActionView::MissingTemplate - Missing partial cats/_cat, application/_cat with {:locale=>[:en], :formats=>[:html], :variants=>[], :handlers=>[:raw, :erb, :html, :builder, :ruby]}.
Searched in:
  * "/Users/xiangweiliu/Desktop/Pair Programing/W6D5/ninty_cats/app/views":
  app/views/cats/index.html.erb:5
  app/views/cats/index.html.erb:4
  app/controllers/cats_controller.rb:4:in `index'

Started POST "/__better_errors/bb3c149c94376ae7/variables" for ::1 at 2022-08-26 16:05:12 -0400
Started GET "/cats" for ::1 at 2022-08-26 16:10:27 -0400
Processing by CatsController#index as HTML
  Rendering layout layouts/application.html.erb
  Rendering cats/index.html.erb within layouts/application
  [1m[36mCat Load (2.9ms)[0m  [1m[34mSELECT "cats".* FROM "cats"[0m
  ↳ app/views/cats/index.html.erb:4
  Rendered cats/index.html.erb within layouts/application (Duration: 22.4ms | Allocations: 1013)
  Rendered layout layouts/application.html.erb (Duration: 42.3ms | Allocations: 2630)
Completed 200 OK in 55ms (Views: 47.2ms | ActiveRecord: 2.9ms | Allocations: 3350)


Started GET "/cats" for ::1 at 2022-08-26 16:12:52 -0400
Processing by CatsController#index as HTML
  Rendering layout layouts/application.html.erb
  Rendering cats/index.html.erb within layouts/application
  [1m[36mCat Load (1.2ms)[0m  [1m[34mSELECT "cats".* FROM "cats"[0m
  ↳ app/views/cats/index.html.erb:4
  Rendered cats/index.html.erb within layouts/application (Duration: 9.4ms | Allocations: 976)
  Rendered layout layouts/application.html.erb (Duration: 14.5ms | Allocations: 2597)
Completed 200 OK in 19ms (Views: 17.2ms | ActiveRecord: 1.2ms | Allocations: 3308)


Started GET "/cats/1" for ::1 at 2022-08-26 16:12:55 -0400
Processing by CatsController#show as HTML
  Parameters: {"id"=>"1"}
  [1m[36mCat Load (10.7ms)[0m  [1m[34mSELECT "cats".* FROM "cats" WHERE "cats"."id" = $1 LIMIT $2[0m  [["id", 1], ["LIMIT", 1]]
  ↳ app/controllers/cats_controller.rb:20:in `show'
  Rendering layout layouts/application.html.erb
  Rendering cats/show.html.erb within layouts/application
  Rendered cats/show.html.erb within layouts/application (Duration: 19.1ms | Allocations: 5890)
  Rendered layout layouts/application.html.erb (Duration: 19.5ms | Allocations: 5978)
Completed 500 Internal Server Error in 55ms (ActiveRecord: 11.1ms | Allocations: 7720)



NameError - undefined local variable or method `cat' for #<ActionView::Base:0x000000000057d0>
Did you mean?  @cat:
  app/views/cats/show.html.erb:4
  app/controllers/cats_controller.rb:21:in `show'

Started POST "/__better_errors/377ca64c37a9edc3/variables" for ::1 at 2022-08-26 16:12:56 -0400
Started GET "/cats/1" for ::1 at 2022-08-26 16:13:16 -0400
Processing by CatsController#show as HTML
  Parameters: {"id"=>"1"}
  [1m[36mCat Load (0.5ms)[0m  [1m[34mSELECT "cats".* FROM "cats" WHERE "cats"."id" = $1 LIMIT $2[0m  [["id", 1], ["LIMIT", 1]]
  ↳ app/controllers/cats_controller.rb:20:in `show'
  Rendering layout layouts/application.html.erb
  Rendering cats/show.html.erb within layouts/application
  Rendered cats/show.html.erb within layouts/application (Duration: 1.0ms | Allocations: 244)
  Rendered layout layouts/application.html.erb (Duration: 5.0ms | Allocations: 1838)
Completed 200 OK in 18ms (Views: 9.9ms | ActiveRecord: 0.5ms | Allocations: 3136)


Started GET "/cats/1" for ::1 at 2022-08-26 16:16:34 -0400
Processing by CatsController#show as HTML
  Parameters: {"id"=>"1"}
  [1m[36mCat Load (2.0ms)[0m  [1m[34mSELECT "cats".* FROM "cats" WHERE "cats"."id" = $1 LIMIT $2[0m  [["id", 1], ["LIMIT", 1]]
  ↳ app/controllers/cats_controller.rb:20:in `show'
  Rendering layout layouts/application.html.erb
  Rendering cats/show.html.erb within layouts/application
  Rendered cats/show.html.erb within layouts/application (Duration: 10.4ms | Allocations: 265)
  Rendered layout layouts/application.html.erb (Duration: 26.5ms | Allocations: 1877)
Completed 200 OK in 45ms (Views: 33.7ms | ActiveRecord: 2.0ms | Allocations: 3161)


Started GET "/cats/1" for ::1 at 2022-08-26 16:17:33 -0400
Processing by CatsController#show as HTML
  Parameters: {"id"=>"1"}
  [1m[36mCat Load (1.2ms)[0m  [1m[34mSELECT "cats".* FROM "cats" WHERE "cats"."id" = $1 LIMIT $2[0m  [["id", 1], ["LIMIT", 1]]
  ↳ app/controllers/cats_controller.rb:20:in `show'
  Rendering layout layouts/application.html.erb
  Rendering cats/show.html.erb within layouts/application
  Rendered cats/show.html.erb within layouts/application (Duration: 0.7ms | Allocations: 280)
  Rendered layout layouts/application.html.erb (Duration: 8.4ms | Allocations: 1874)
Completed 200 OK in 20ms (Views: 10.2ms | ActiveRecord: 1.2ms | Allocations: 3158)


Started GET "/cats/1" for ::1 at 2022-08-26 16:17:46 -0400
Processing by CatsController#show as HTML
  Parameters: {"id"=>"1"}
  [1m[36mCat Load (0.6ms)[0m  [1m[34mSELECT "cats".* FROM "cats" WHERE "cats"."id" = $1 LIMIT $2[0m  [["id", 1], ["LIMIT", 1]]
  ↳ app/controllers/cats_controller.rb:20:in `show'
  Rendering layout layouts/application.html.erb
  Rendering cats/show.html.erb within layouts/application
  Rendered cats/show.html.erb within layouts/application (Duration: 1.1ms | Allocations: 280)
  Rendered layout layouts/application.html.erb (Duration: 6.4ms | Allocations: 1889)
Completed 200 OK in 13ms (Views: 8.4ms | ActiveRecord: 0.6ms | Allocations: 3174)


Started GET "/cats/1" for ::1 at 2022-08-26 16:17:47 -0400
Processing by CatsController#show as HTML
  Parameters: {"id"=>"1"}
  [1m[36mCat Load (0.5ms)[0m  [1m[34mSELECT "cats".* FROM "cats" WHERE "cats"."id" = $1 LIMIT $2[0m  [["id", 1], ["LIMIT", 1]]
  ↳ app/controllers/cats_controller.rb:20:in `show'
  Rendering layout layouts/application.html.erb
  Rendering cats/show.html.erb within layouts/application
  Rendered cats/show.html.erb within layouts/application (Duration: 0.2ms | Allocations: 38)
  Rendered layout layouts/application.html.erb (Duration: 4.2ms | Allocations: 1269)
Completed 200 OK in 10ms (Views: 4.9ms | ActiveRecord: 0.5ms | Allocations: 2066)


Started GET "/cats/1" for ::1 at 2022-08-26 16:18:44 -0400
Processing by CatsController#show as HTML
  Parameters: {"id"=>"1"}
  [1m[36mCat Load (6.0ms)[0m  [1m[34mSELECT "cats".* FROM "cats" WHERE "cats"."id" = $1 LIMIT $2[0m  [["id", 1], ["LIMIT", 1]]
  ↳ app/controllers/cats_controller.rb:20:in `show'
  Rendering layout layouts/application.html.erb
  Rendering cats/show.html.erb within layouts/application
  Rendered cats/show.html.erb within layouts/application (Duration: 2.8ms | Allocations: 346)
  Rendered layout layouts/application.html.erb (Duration: 7.2ms | Allocations: 1940)
Completed 200 OK in 42ms (Views: 17.2ms | ActiveRecord: 6.0ms | Allocations: 3138)


Started GET "/cats/1" for ::1 at 2022-08-26 16:18:59 -0400
Processing by CatsController#show as HTML
  Parameters: {"id"=>"1"}
  [1m[36mCat Load (4.2ms)[0m  [1m[34mSELECT "cats".* FROM "cats" WHERE "cats"."id" = $1 LIMIT $2[0m  [["id", 1], ["LIMIT", 1]]
  ↳ app/controllers/cats_controller.rb:20:in `show'
  Rendering layout layouts/application.html.erb
  Rendering cats/show.html.erb within layouts/application
  Rendered cats/show.html.erb within layouts/application (Duration: 0.8ms | Allocations: 344)
  Rendered layout layouts/application.html.erb (Duration: 3.9ms | Allocations: 1938)
Completed 200 OK in 25ms (Views: 11.7ms | ActiveRecord: 4.2ms | Allocations: 3222)


Started GET "/cats/1" for ::1 at 2022-08-26 16:19:01 -0400
Processing by CatsController#show as HTML
  Parameters: {"id"=>"1"}
  [1m[36mCat Load (0.3ms)[0m  [1m[34mSELECT "cats".* FROM "cats" WHERE "cats"."id" = $1 LIMIT $2[0m  [["id", 1], ["LIMIT", 1]]
  ↳ app/controllers/cats_controller.rb:20:in `show'
  Rendering layout layouts/application.html.erb
  Rendering cats/show.html.erb within layouts/application
  Rendered cats/show.html.erb within layouts/application (Duration: 0.1ms | Allocations: 43)
  Rendered layout layouts/application.html.erb (Duration: 7.9ms | Allocations: 1247)
Completed 200 OK in 35ms (Views: 28.2ms | ActiveRecord: 0.3ms | Allocations: 2044)


Started GET "/cats/1" for ::1 at 2022-08-26 16:19:18 -0400
Processing by CatsController#show as HTML
  Parameters: {"id"=>"1"}
  [1m[36mCat Load (3.9ms)[0m  [1m[34mSELECT "cats".* FROM "cats" WHERE "cats"."id" = $1 LIMIT $2[0m  [["id", 1], ["LIMIT", 1]]
  ↳ app/controllers/cats_controller.rb:20:in `show'
  Rendering layout layouts/application.html.erb
  Rendering cats/show.html.erb within layouts/application
  Rendered cats/show.html.erb within layouts/application (Duration: 4.2ms | Allocations: 345)
  Rendered layout layouts/application.html.erb (Duration: 15.4ms | Allocations: 1948)
Completed 200 OK in 77ms (Views: 27.2ms | ActiveRecord: 3.9ms | Allocations: 3147)


Started GET "/cats/1" for ::1 at 2022-08-26 16:19:40 -0400
Processing by CatsController#show as HTML
  Parameters: {"id"=>"1"}
  [1m[36mCat Load (0.5ms)[0m  [1m[34mSELECT "cats".* FROM "cats" WHERE "cats"."id" = $1 LIMIT $2[0m  [["id", 1], ["LIMIT", 1]]
  ↳ app/controllers/cats_controller.rb:20:in `show'
  Rendering layout layouts/application.html.erb
  Rendering cats/show.html.erb within layouts/application
  Rendered cats/show.html.erb within layouts/application (Duration: 3.7ms | Allocations: 352)
  Rendered layout layouts/application.html.erb (Duration: 7.0ms | Allocations: 1961)
Completed 200 OK in 20ms (Views: 12.9ms | ActiveRecord: 0.5ms | Allocations: 3245)


Started GET "/cats/1" for ::1 at 2022-08-26 16:20:11 -0400
Processing by CatsController#show as HTML
  Parameters: {"id"=>"1"}
  [1m[36mCat Load (1.1ms)[0m  [1m[34mSELECT "cats".* FROM "cats" WHERE "cats"."id" = $1 LIMIT $2[0m  [["id", 1], ["LIMIT", 1]]
  ↳ app/controllers/cats_controller.rb:20:in `show'
  Rendering layout layouts/application.html.erb
  Rendering cats/show.html.erb within layouts/application
  Rendered cats/show.html.erb within layouts/application (Duration: 0.9ms | Allocations: 351)
  Rendered layout layouts/application.html.erb (Duration: 8.8ms | Allocations: 1965)
Completed 200 OK in 28ms (Views: 21.3ms | ActiveRecord: 1.1ms | Allocations: 3249)


Started GET "/cats/1" for ::1 at 2022-08-26 16:20:22 -0400
Processing by CatsController#show as HTML
  Parameters: {"id"=>"1"}
  [1m[36mCat Load (0.5ms)[0m  [1m[34mSELECT "cats".* FROM "cats" WHERE "cats"."id" = $1 LIMIT $2[0m  [["id", 1], ["LIMIT", 1]]
  ↳ app/controllers/cats_controller.rb:20:in `show'
  Rendering layout layouts/application.html.erb
  Rendering cats/show.html.erb within layouts/application
  Rendered cats/show.html.erb within layouts/application (Duration: 2.4ms | Allocations: 258)
  Rendered layout layouts/application.html.erb (Duration: 10.6ms | Allocations: 1852)
Completed 200 OK in 30ms (Views: 22.4ms | ActiveRecord: 0.5ms | Allocations: 3136)


Started GET "/cats/new" for ::1 at 2022-08-26 16:28:31 -0400
Processing by CatsController#new as HTML
  Rendering layout layouts/application.html.erb
  Rendering cats/new.html.erb within layouts/application
  Rendered cats/_form.html.erb (Duration: 43.2ms | Allocations: 6271)
  Rendered cats/new.html.erb within layouts/application (Duration: 48.3ms | Allocations: 6551)
  Rendered layout layouts/application.html.erb (Duration: 48.4ms | Allocations: 6645)
Completed 500 Internal Server Error in 191ms (ActiveRecord: 37.0ms | Allocations: 13060)



NameError - undefined local variable or method `action_url' for #<ActionView::Base:0x00000000006a68>
Did you mean?  audio_url:
  app/views/cats/_form.html.erb:1
  app/views/cats/new.html.erb:2
  app/controllers/cats_controller.rb:9:in `new'

Started POST "/__better_errors/e6bc2da34d673b86/variables" for ::1 at 2022-08-26 16:28:32 -0400
Started GET "/cats/new" for ::1 at 2022-08-26 16:29:01 -0400
Processing by CatsController#new as HTML
  Rendering layout layouts/application.html.erb
  Rendering cats/new.html.erb within layouts/application
  Rendered cats/_form.html.erb (Duration: 2.6ms | Allocations: 2047)
  Rendered cats/new.html.erb within layouts/application (Duration: 6.3ms | Allocations: 2328)
  Rendered layout layouts/application.html.erb (Duration: 6.4ms | Allocations: 2422)
Completed 500 Internal Server Error in 16ms (ActiveRecord: 0.0ms | Allocations: 3133)



ActionController::UrlGenerationError - No route matches {:action=>"show", :controller=>"cats"}, missing required keys: [:id]:
  app/views/cats/_form.html.erb:1
  app/views/cats/new.html.erb:2
  app/controllers/cats_controller.rb:9:in `new'

Started POST "/__better_errors/029d84faf0ec4eea/variables" for ::1 at 2022-08-26 16:29:01 -0400
Started GET "/cats/new" for ::1 at 2022-08-26 16:29:11 -0400
Processing by CatsController#new as HTML
  Rendering layout layouts/application.html.erb
  Rendering cats/new.html.erb within layouts/application
  Rendered cats/_form.html.erb (Duration: 0.9ms | Allocations: 207)
  Rendered cats/new.html.erb within layouts/application (Duration: 2.4ms | Allocations: 481)
  Rendered layout layouts/application.html.erb (Duration: 16.1ms | Allocations: 2110)
Completed 200 OK in 23ms (Views: 22.1ms | ActiveRecord: 0.0ms | Allocations: 2852)


Started GET "/cats/new" for ::1 at 2022-08-26 16:30:58 -0400
Processing by CatsController#new as HTML
  Rendering layout layouts/application.html.erb
  Rendering cats/new.html.erb within layouts/application
  Rendered cats/_form.html.erb (Duration: 0.4ms | Allocations: 183)
  Rendered cats/new.html.erb within layouts/application (Duration: 2.5ms | Allocations: 456)
  Rendered layout layouts/application.html.erb (Duration: 9.8ms | Allocations: 2060)
Completed 200 OK in 15ms (Views: 13.7ms | ActiveRecord: 0.0ms | Allocations: 2787)


Started GET "/cats/new" for ::1 at 2022-08-26 16:30:59 -0400
Processing by CatsController#new as HTML
  Rendering layout layouts/application.html.erb
  Rendering cats/new.html.erb within layouts/application
  Rendered cats/_form.html.erb (Duration: 0.1ms | Allocations: 48)
  Rendered cats/new.html.erb within layouts/application (Duration: 0.2ms | Allocations: 129)
  Rendered layout layouts/application.html.erb (Duration: 1.8ms | Allocations: 1323)
Completed 200 OK in 4ms (Views: 3.4ms | ActiveRecord: 0.0ms | Allocations: 1564)


Started GET "/cats/new" for ::1 at 2022-08-26 16:32:53 -0400
Processing by CatsController#new as HTML
  Rendering layout layouts/application.html.erb
  Rendering cats/new.html.erb within layouts/application
  Rendered cats/_form.html.erb (Duration: 1.1ms | Allocations: 200)
  Rendered cats/new.html.erb within layouts/application (Duration: 2.2ms | Allocations: 473)
  Rendered layout layouts/application.html.erb (Duration: 6.2ms | Allocations: 2095)
Completed 200 OK in 22ms (Views: 20.8ms | ActiveRecord: 0.0ms | Allocations: 2796)


  [1m[35m (110.1ms)[0m  [1m[35mCREATE DATABASE "ninty_cats_development" ENCODING = 'unicode'[0m
  [1m[35m (37.2ms)[0m  [1m[35mCREATE DATABASE "ninty_cats_test" ENCODING = 'unicode'[0m
  [1m[35m (10.3ms)[0m  [1m[35mCREATE TABLE "schema_migrations" ("version" character varying NOT NULL PRIMARY KEY)[0m
  [1m[35m (0.9ms)[0m  [1m[35mCREATE TABLE "ar_internal_metadata" ("key" character varying NOT NULL PRIMARY KEY, "value" character varying, "created_at" timestamp(6) NOT NULL, "updated_at" timestamp(6) NOT NULL)[0m
  [1m[35m (0.3ms)[0m  [1m[34mSELECT pg_try_advisory_lock(856988904352136535)[0m
  [1m[36mActiveRecord::SchemaMigration Pluck (0.1ms)[0m  [1m[34mSELECT "schema_migrations"."version" FROM "schema_migrations" ORDER BY "schema_migrations"."version" ASC[0m
Migrating to CreateCats (20220826161133)
  [1m[36mTRANSACTION (0.0ms)[0m  [1m[35mBEGIN[0m
  [1m[35m (1.9ms)[0m  [1m[35mCREATE TABLE "cats" ("id" bigserial primary key, "birth_date" date NOT NULL, "color" character varying NOT NULL, "name" character varying NOT NULL, "sex" character varying(1) NOT NULL, "description" text, "created_at" timestamp(6) NOT NULL, "updated_at" timestamp(6) NOT NULL)[0m
  [1m[36mActiveRecord::SchemaMigration Create (0.2ms)[0m  [1m[32mINSERT INTO "schema_migrations" ("version") VALUES ($1) RETURNING "version"[0m  [["version", "20220826161133"]]
  [1m[36mTRANSACTION (0.1ms)[0m  [1m[35mCOMMIT[0m
  [1m[36mActiveRecord::InternalMetadata Load (0.1ms)[0m  [1m[34mSELECT "ar_internal_metadata".* FROM "ar_internal_metadata" WHERE "ar_internal_metadata"."key" = $1 LIMIT $2[0m  [["key", "environment"], ["LIMIT", 1]]
  [1m[36mTRANSACTION (0.0ms)[0m  [1m[35mBEGIN[0m
  [1m[36mActiveRecord::InternalMetadata Create (0.4ms)[0m  [1m[32mINSERT INTO "ar_internal_metadata" ("key", "value", "created_at", "updated_at") VALUES ($1, $2, $3, $4) RETURNING "key"[0m  [["key", "environment"], ["value", "development"], ["created_at", "2022-08-26 20:43:02.542185"], ["updated_at", "2022-08-26 20:43:02.542185"]]
  [1m[36mTRANSACTION (0.1ms)[0m  [1m[35mCOMMIT[0m
  [1m[35m (0.1ms)[0m  [1m[34mSELECT pg_advisory_unlock(856988904352136535)[0m
  [1m[36mActiveRecord::SchemaMigration Pluck (0.2ms)[0m  [1m[34mSELECT "schema_migrations"."version" FROM "schema_migrations" ORDER BY "schema_migrations"."version" ASC[0m
  [1m[36mCat Load (0.7ms)[0m  [1m[34mSELECT "cats".* FROM "cats"[0m
Started GET "/users" for ::1 at 2022-08-26 16:44:58 -0400
  [1m[36mActiveRecord::SchemaMigration Pluck (0.8ms)[0m  [1m[34mSELECT "schema_migrations"."version" FROM "schema_migrations" ORDER BY "schema_migrations"."version" ASC[0m
  
ActionController::RoutingError (No route matches [GET] "/users"):
  
Started GET "/cats/new" for ::1 at 2022-08-26 16:45:05 -0400
Processing by CatsController#new as HTML
  Rendering layout layouts/application.html.erb
  Rendering cats/new.html.erb within layouts/application
  Rendered cats/_form.html.erb (Duration: 0.8ms | Allocations: 291)
  Rendered cats/new.html.erb within layouts/application (Duration: 2.3ms | Allocations: 566)
  Rendered layout layouts/application.html.erb (Duration: 18.8ms | Allocations: 7083)
Completed 200 OK in 45ms (Views: 21.1ms | ActiveRecord: 7.2ms | Allocations: 13974)


Started GET "/cats/new" for ::1 at 2022-08-26 16:45:22 -0400
Processing by CatsController#new as HTML
  Rendering layout layouts/application.html.erb
  Rendering cats/new.html.erb within layouts/application
  Rendered cats/_form.html.erb (Duration: 0.4ms | Allocations: 48)
  Rendered cats/new.html.erb within layouts/application (Duration: 0.8ms | Allocations: 129)
  Rendered layout layouts/application.html.erb (Duration: 5.6ms | Allocations: 1360)
Completed 200 OK in 8ms (Views: 7.0ms | ActiveRecord: 0.0ms | Allocations: 1610)


Started GET "/cats/new" for ::1 at 2022-08-26 16:47:42 -0400
Processing by CatsController#new as HTML
  Rendering layout layouts/application.html.erb
  Rendering cats/new.html.erb within layouts/application
  Rendered cats/_form.html.erb (Duration: 0.6ms | Allocations: 235)
  Rendered cats/new.html.erb within layouts/application (Duration: 1.6ms | Allocations: 508)
  Rendered layout layouts/application.html.erb (Duration: 25.4ms | Allocations: 2111)
Completed 200 OK in 45ms (Views: 44.4ms | ActiveRecord: 0.0ms | Allocations: 2813)


Started GET "/cats/new" for ::1 at 2022-08-26 16:47:57 -0400
Processing by CatsController#new as HTML
  Rendering layout layouts/application.html.erb
  Rendering cats/new.html.erb within layouts/application
  Rendered cats/_form.html.erb (Duration: 0.7ms | Allocations: 233)
  Rendered cats/new.html.erb within layouts/application (Duration: 1.7ms | Allocations: 511)
  Rendered layout layouts/application.html.erb (Duration: 5.6ms | Allocations: 2097)
Completed 200 OK in 9ms (Views: 8.9ms | ActiveRecord: 0.0ms | Allocations: 2824)


Started GET "/cats/new" for ::1 at 2022-08-26 16:47:58 -0400
Processing by CatsController#new as HTML
  Rendering layout layouts/application.html.erb
  Rendering cats/new.html.erb within layouts/application
  Rendered cats/_form.html.erb (Duration: 0.3ms | Allocations: 48)
  Rendered cats/new.html.erb within layouts/application (Duration: 0.6ms | Allocations: 129)
  Rendered layout layouts/application.html.erb (Duration: 4.5ms | Allocations: 1318)
Completed 200 OK in 6ms (Views: 5.7ms | ActiveRecord: 0.0ms | Allocations: 1559)


Started GET "/cats/new" for ::1 at 2022-08-26 16:48:13 -0400
Processing by CatsController#new as HTML
  Rendering layout layouts/application.html.erb
  Rendering cats/new.html.erb within layouts/application
  Rendered cats/_form.html.erb (Duration: 2.9ms | Allocations: 233)
  Rendered cats/new.html.erb within layouts/application (Duration: 5.0ms | Allocations: 506)
  Rendered layout layouts/application.html.erb (Duration: 13.1ms | Allocations: 2107)
Completed 200 OK in 19ms (Views: 17.5ms | ActiveRecord: 0.0ms | Allocations: 2820)


Started GET "/cats/new" for ::1 at 2022-08-26 16:48:27 -0400
Processing by CatsController#new as HTML
  Rendering layout layouts/application.html.erb
  Rendering cats/new.html.erb within layouts/application
  Rendered cats/_form.html.erb (Duration: 1.8ms | Allocations: 233)
  Rendered cats/new.html.erb within layouts/application (Duration: 3.3ms | Allocations: 506)
  Rendered layout layouts/application.html.erb (Duration: 8.4ms | Allocations: 2103)
Completed 200 OK in 12ms (Views: 11.8ms | ActiveRecord: 0.0ms | Allocations: 2830)


Started GET "/cats/new" for ::1 at 2022-08-26 16:48:38 -0400
Processing by CatsController#new as HTML
  Rendering layout layouts/application.html.erb
  Rendering cats/new.html.erb within layouts/application
  Rendered cats/_form.html.erb (Duration: 0.9ms | Allocations: 234)
  Rendered cats/new.html.erb within layouts/application (Duration: 2.3ms | Allocations: 507)
  Rendered layout layouts/application.html.erb (Duration: 7.3ms | Allocations: 2104)
Completed 200 OK in 11ms (Views: 10.1ms | ActiveRecord: 0.0ms | Allocations: 2831)


Started GET "/cats/new" for ::1 at 2022-08-26 16:49:03 -0400
Processing by CatsController#new as HTML
  Rendering layout layouts/application.html.erb
  Rendering cats/new.html.erb within layouts/application
  Rendered cats/_form.html.erb (Duration: 0.8ms | Allocations: 236)
  Rendered cats/new.html.erb within layouts/application (Duration: 2.2ms | Allocations: 509)
  Rendered layout layouts/application.html.erb (Duration: 7.4ms | Allocations: 2113)
Completed 200 OK in 13ms (Views: 12.4ms | ActiveRecord: 0.0ms | Allocations: 2840)


Started GET "/cats/new" for ::1 at 2022-08-26 16:49:14 -0400
Processing by CatsController#new as HTML
  Rendering layout layouts/application.html.erb
  Rendering cats/new.html.erb within layouts/application
  Rendered cats/_form.html.erb (Duration: 0.9ms | Allocations: 237)
  Rendered cats/new.html.erb within layouts/application (Duration: 2.3ms | Allocations: 510)
  Rendered layout layouts/application.html.erb (Duration: 7.4ms | Allocations: 2095)
Completed 200 OK in 13ms (Views: 12.2ms | ActiveRecord: 0.0ms | Allocations: 2822)


Started GET "/cats/new" for ::1 at 2022-08-26 16:49:27 -0400
Processing by CatsController#new as HTML
  Rendering layout layouts/application.html.erb
  Rendering cats/new.html.erb within layouts/application
  Rendered cats/_form.html.erb (Duration: 0.9ms | Allocations: 238)
  Rendered cats/new.html.erb within layouts/application (Duration: 2.7ms | Allocations: 511)
  Rendered layout layouts/application.html.erb (Duration: 8.2ms | Allocations: 2120)
Completed 200 OK in 14ms (Views: 12.2ms | ActiveRecord: 0.0ms | Allocations: 2847)


Started GET "/cats/new" for ::1 at 2022-08-26 16:50:50 -0400
Processing by CatsController#new as HTML
  Rendering layout layouts/application.html.erb
  Rendering cats/new.html.erb within layouts/application
  Rendered cats/_form.html.erb (Duration: 4.5ms | Allocations: 260)
  Rendered cats/new.html.erb within layouts/application (Duration: 6.3ms | Allocations: 533)
  Rendered layout layouts/application.html.erb (Duration: 12.7ms | Allocations: 2121)
Completed 200 OK in 18ms (Views: 16.5ms | ActiveRecord: 0.0ms | Allocations: 2848)


Started GET "/cats/new" for ::1 at 2022-08-26 16:51:38 -0400
Processing by CatsController#new as HTML
  Rendering layout layouts/application.html.erb
  Rendering cats/new.html.erb within layouts/application
  Rendered cats/_form.html.erb (Duration: 1.3ms | Allocations: 272)
  Rendered cats/new.html.erb within layouts/application (Duration: 3.6ms | Allocations: 545)
  Rendered layout layouts/application.html.erb (Duration: 9.2ms | Allocations: 2133)
Completed 200 OK in 15ms (Views: 13.2ms | Allocations: 2850)


Started GET "/cats/new" for ::1 at 2022-08-26 16:51:51 -0400
Processing by CatsController#new as HTML
  Rendering layout layouts/application.html.erb
  Rendering cats/new.html.erb within layouts/application
  Rendered cats/_form.html.erb (Duration: 0.9ms | Allocations: 267)
  Rendered cats/new.html.erb within layouts/application (Duration: 2.2ms | Allocations: 540)
  Rendered layout layouts/application.html.erb (Duration: 7.0ms | Allocations: 2129)
Completed 200 OK in 11ms (Views: 10.0ms | Allocations: 2857)


Started GET "/cats/new" for ::1 at 2022-08-26 16:51:53 -0400
Processing by CatsController#new as HTML
  Rendering layout layouts/application.html.erb
  Rendering cats/new.html.erb within layouts/application
  Rendered cats/_form.html.erb (Duration: 0.2ms | Allocations: 48)
  Rendered cats/new.html.erb within layouts/application (Duration: 0.6ms | Allocations: 129)
  Rendered layout layouts/application.html.erb (Duration: 3.3ms | Allocations: 1324)
Completed 200 OK in 4ms (Views: 4.0ms | Allocations: 1561)


Started GET "/cats/new" for ::1 at 2022-08-26 16:53:16 -0400
Processing by CatsController#new as HTML
  Rendering layout layouts/application.html.erb
  Rendering cats/new.html.erb within layouts/application
  Rendered cats/_form.html.erb (Duration: 1.5ms | Allocations: 271)
  Rendered cats/new.html.erb within layouts/application (Duration: 14.6ms | Allocations: 544)
  Rendered layout layouts/application.html.erb (Duration: 22.2ms | Allocations: 2144)
Completed 200 OK in 28ms (Views: 27.1ms | Allocations: 2836)


Started GET "/cats/1/edit" for ::1 at 2022-08-26 17:01:35 -0400
Processing by CatsController#edit as HTML
  Parameters: {"id"=>"1"}
  Rendering layout layouts/application.html.erb
  Rendering cats/edit.html.erb within layouts/application
  Rendered cats/_form.html.erb (Duration: 1.5ms | Allocations: 350)
  Rendered cats/edit.html.erb within layouts/application (Duration: 4.1ms | Allocations: 627)
  Rendered layout layouts/application.html.erb (Duration: 15.8ms | Allocations: 2215)
Completed 200 OK in 40ms (Views: 39.3ms | Allocations: 2808)


Started GET "/cats/new" for ::1 at 2022-08-26 17:04:07 -0400
Processing by CatsController#new as HTML
  Rendering layout layouts/application.html.erb
  Rendering cats/new.html.erb within layouts/application
  Rendered cats/_form.html.erb (Duration: 1.6ms | Allocations: 340)
  Rendered cats/new.html.erb within layouts/application (Duration: 3.3ms | Allocations: 617)
  Rendered layout layouts/application.html.erb (Duration: 11.1ms | Allocations: 2208)
Completed 200 OK in 22ms (Views: 20.0ms | Allocations: 2925)


Started GET "/cats/1/edit" for ::1 at 2022-08-26 17:04:42 -0400
Processing by CatsController#edit as HTML
  Parameters: {"id"=>"1"}
  Rendering layout layouts/application.html.erb
  Rendering cats/edit.html.erb within layouts/application
  Rendered cats/_form.html.erb (Duration: 6.5ms | Allocations: 2756)
  Rendered cats/edit.html.erb within layouts/application (Duration: 8.6ms | Allocations: 3046)
  Rendered layout layouts/application.html.erb (Duration: 8.8ms | Allocations: 3141)
Completed 500 Internal Server Error in 12ms (Allocations: 3729)



ActionView::SyntaxErrorInTemplate - Encountered a syntax error while rendering template: check 
<form action="<%= new_cat_url%>" method="post">
<% if type == :edit %>
      <input type="hidden" name="_method" value="PATCH" />
<% end %>
            <label for= "name"> Name
            <input id="name" type="text" name="cat[name]" value=""<%= cat.name%>/>
            </label>
            <br>
            <label for= "color"> Color
                <select name="color" id="color">
                    <option value="Blank" disabled = "true" selected = "true">--select a color--</option>
                    <option value="Black">Black</option>
                    <option value="White">White</option>
                    <option value="Orange">Orange</option>
                    <option value="Tabby">Tabby</option>
                    <option value="Tri-Color">Tri-Color</option>
                </select>
            </label>
            <br>
            <label for= "sex"> Sex
                M<input id="sex" type="radio" name="cat[sex]" value="M" checked<%= cat.sex%>/>
                F<input id="sex" type="radio" name="cat[sex]" value="F" <%= cat.sex%>/>
            </label>
            <br>
            <label for= "birth_date"> Birth Date
                    <input id="birth_date" type="date" name="cat[birth_date]" <%= cat.birth_date%>/>
            </label>
            <br>
            <label for= "description"> Description
                <textarea id="description" cols = "30" rows = "10" name="cat[description]"> <%= cat.description%>
                </textarea>
            </label>
<% end %>
</form>:
  app/views/cats/edit.html.erb:4

Started POST "/__better_errors/ef34b9b071456ab6/variables" for ::1 at 2022-08-26 17:04:42 -0400
Started GET "/cats/1/edit" for ::1 at 2022-08-26 17:05:00 -0400
Processing by CatsController#edit as HTML
  Parameters: {"id"=>"1"}
  Rendering layout layouts/application.html.erb
  Rendering cats/edit.html.erb within layouts/application
  Rendered cats/_form.html.erb (Duration: 4.5ms | Allocations: 4121)
  Rendered cats/edit.html.erb within layouts/application (Duration: 7.0ms | Allocations: 4402)
  Rendered layout layouts/application.html.erb (Duration: 7.9ms | Allocations: 4496)
Completed 500 Internal Server Error in 10ms (Allocations: 5075)



NoMethodError - undefined method `name' for nil:NilClass:
  app/views/cats/_form.html.erb:12
  app/views/cats/edit.html.erb:4

Started POST "/__better_errors/a42d2bc42706b88c/variables" for ::1 at 2022-08-26 17:05:01 -0400
Started GET "/cats/1/edit" for ::1 at 2022-08-26 17:05:09 -0400
Processing by CatsController#edit as HTML
  Parameters: {"id"=>"1"}
  Rendering layout layouts/application.html.erb
  Rendering cats/edit.html.erb within layouts/application
  Rendered cats/_form.html.erb (Duration: 14.1ms | Allocations: 3774)
  Rendered cats/edit.html.erb within layouts/application (Duration: 14.9ms | Allocations: 3864)
  Rendered layout layouts/application.html.erb (Duration: 15.1ms | Allocations: 3953)
Completed 500 Internal Server Error in 17ms (Allocations: 4191)



NoMethodError - undefined method `name' for nil:NilClass:
  app/views/cats/_form.html.erb:12
  app/views/cats/edit.html.erb:4

Started POST "/__better_errors/7624798026eade8c/variables" for ::1 at 2022-08-26 17:05:10 -0400
Started GET "/cats/1/edit" for ::1 at 2022-08-26 17:05:33 -0400
Processing by CatsController#edit as HTML
  Parameters: {"id"=>"1"}
  Rendering layout layouts/application.html.erb
  Rendering cats/edit.html.erb within layouts/application
  Rendered cats/_form.html.erb (Duration: 4.6ms | Allocations: 4053)
  Rendered cats/edit.html.erb within layouts/application (Duration: 6.5ms | Allocations: 4337)
  Rendered layout layouts/application.html.erb (Duration: 6.8ms | Allocations: 4431)
Completed 500 Internal Server Error in 10ms (Allocations: 5004)



NoMethodError - undefined method `name' for nil:NilClass:
  app/views/cats/_form.html.erb:12
  app/views/cats/edit.html.erb:4

Started POST "/__better_errors/25c06960b248a1ff/variables" for ::1 at 2022-08-26 17:05:33 -0400
Started GET "/cats/" for ::1 at 2022-08-26 17:06:40 -0400
Processing by CatsController#index as HTML
  Rendering layout layouts/application.html.erb
  Rendering cats/index.html.erb within layouts/application
  [1m[36mCat Load (0.4ms)[0m  [1m[34mSELECT "cats".* FROM "cats"[0m
  ↳ app/views/cats/index.html.erb:4
  Rendered cats/index.html.erb within layouts/application (Duration: 15.8ms | Allocations: 4090)
  Rendered layout layouts/application.html.erb (Duration: 17.6ms | Allocations: 5706)
Completed 200 OK in 20ms (Views: 18.5ms | ActiveRecord: 6.8ms | Allocations: 7380)


Started GET "/cats/new" for ::1 at 2022-08-26 17:06:42 -0400
Processing by CatsController#new as HTML
  Rendering layout layouts/application.html.erb
  Rendering cats/new.html.erb within layouts/application
  Rendered cats/_form.html.erb (Duration: 1.4ms | Allocations: 345)
  Rendered cats/new.html.erb within layouts/application (Duration: 3.0ms | Allocations: 589)
  Rendered layout layouts/application.html.erb (Duration: 7.7ms | Allocations: 1802)
Completed 200 OK in 16ms (Views: 9.7ms | ActiveRecord: 0.0ms | Allocations: 3828)


Started GET "/cats/1/edit" for ::1 at 2022-08-26 17:08:17 -0400
Processing by CatsController#edit as HTML
  Parameters: {"id"=>"1"}
  [1m[36mCat Load (0.2ms)[0m  [1m[34mSELECT "cats".* FROM "cats" WHERE "cats"."id" = $1 LIMIT $2[0m  [["id", 1], ["LIMIT", 1]]
  ↳ app/controllers/cats_controller.rb:30:in `edit'
Completed 404 Not Found in 18ms (ActiveRecord: 11.4ms | Allocations: 5556)



ActiveRecord::RecordNotFound - Couldn't find Cat with 'id'=1:
  app/controllers/cats_controller.rb:30:in `edit'

Started POST "/__better_errors/6f61d045f02eef99/variables" for ::1 at 2022-08-26 17:08:17 -0400
Started GET "/cats/new" for ::1 at 2022-08-26 17:08:41 -0400
Processing by CatsController#new as HTML
  Rendering layout layouts/application.html.erb
  Rendering cats/new.html.erb within layouts/application
  Rendered cats/_form.html.erb (Duration: 0.3ms | Allocations: 96)
  Rendered cats/new.html.erb within layouts/application (Duration: 0.6ms | Allocations: 188)
  Rendered layout layouts/application.html.erb (Duration: 7.6ms | Allocations: 1640)
Completed 200 OK in 14ms (Views: 8.9ms | ActiveRecord: 0.0ms | Allocations: 3568)


  [1m[36mTRANSACTION (0.2ms)[0m  [1m[35mBEGIN[0m
  [1m[36mCat Create (1.9ms)[0m  [1m[32mINSERT INTO "cats" ("birth_date", "color", "name", "sex", "description", "created_at", "updated_at") VALUES ($1, $2, $3, $4, $5, $6, $7) RETURNING "id"[0m  [["birth_date", "2000-08-16"], ["color", "Black"], ["name", "Ivy"], ["sex", "M"], ["description", "hello"], ["created_at", "2022-08-26 21:13:04.036051"], ["updated_at", "2022-08-26 21:13:04.036051"]]
  [1m[36mTRANSACTION (0.6ms)[0m  [1m[35mCOMMIT[0m
Started GET "/cats/1/edit" for ::1 at 2022-08-26 17:13:13 -0400
Processing by CatsController#edit as HTML
  Parameters: {"id"=>"1"}
  [1m[36mCat Load (1.0ms)[0m  [1m[34mSELECT "cats".* FROM "cats" WHERE "cats"."id" = $1 LIMIT $2[0m  [["id", 1], ["LIMIT", 1]]
  ↳ app/controllers/cats_controller.rb:30:in `edit'
  Rendering layout layouts/application.html.erb
  Rendering cats/edit.html.erb within layouts/application
  Rendered cats/_form.html.erb (Duration: 1.6ms | Allocations: 339)
  Rendered cats/edit.html.erb within layouts/application (Duration: 3.5ms | Allocations: 615)
  Rendered layout layouts/application.html.erb (Duration: 20.7ms | Allocations: 2186)
Completed 200 OK in 34ms (Views: 24.3ms | ActiveRecord: 1.0ms | Allocations: 3500)


Started GET "/cats/1/edit" for ::1 at 2022-08-26 17:14:45 -0400
Processing by CatsController#edit as HTML
  Parameters: {"id"=>"1"}
  [1m[36mCat Load (1.0ms)[0m  [1m[34mSELECT "cats".* FROM "cats" WHERE "cats"."id" = $1 LIMIT $2[0m  [["id", 1], ["LIMIT", 1]]
  ↳ app/controllers/cats_controller.rb:30:in `edit'
  Rendering layout layouts/application.html.erb
  Rendering cats/edit.html.erb within layouts/application
  Rendered cats/_form.html.erb (Duration: 1.1ms | Allocations: 375)
  Rendered cats/edit.html.erb within layouts/application (Duration: 3.6ms | Allocations: 654)
  Rendered layout layouts/application.html.erb (Duration: 10.2ms | Allocations: 2226)
Completed 200 OK in 29ms (Views: 13.7ms | ActiveRecord: 1.0ms | Allocations: 3510)


  [1m[36mCat Load (0.9ms)[0m  [1m[34mSELECT "cats".* FROM "cats"[0m
  [1m[36mCat Load (0.6ms)[0m  [1m[34mSELECT "cats".* FROM "cats" ORDER BY "cats"."id" ASC LIMIT $1[0m  [["LIMIT", 1]]
Started GET "/cats/1/edit" for ::1 at 2022-08-26 17:17:36 -0400
Processing by CatsController#edit as HTML
  Parameters: {"id"=>"1"}
  [1m[36mCat Load (0.9ms)[0m  [1m[34mSELECT "cats".* FROM "cats" WHERE "cats"."id" = $1 LIMIT $2[0m  [["id", 1], ["LIMIT", 1]]
  ↳ app/controllers/cats_controller.rb:30:in `edit'
  Rendering layout layouts/application.html.erb
  Rendering cats/edit.html.erb within layouts/application
  Rendered cats/_form.html.erb (Duration: 1.9ms | Allocations: 360)
  Rendered cats/edit.html.erb within layouts/application (Duration: 3.4ms | Allocations: 636)
  Rendered layout layouts/application.html.erb (Duration: 8.3ms | Allocations: 2204)
Completed 200 OK in 22ms (Views: 10.8ms | ActiveRecord: 0.9ms | Allocations: 3497)


Started GET "/cats/1/edit" for ::1 at 2022-08-26 17:17:37 -0400
Processing by CatsController#edit as HTML
  Parameters: {"id"=>"1"}
  [1m[36mCat Load (0.3ms)[0m  [1m[34mSELECT "cats".* FROM "cats" WHERE "cats"."id" = $1 LIMIT $2[0m  [["id", 1], ["LIMIT", 1]]
  ↳ app/controllers/cats_controller.rb:30:in `edit'
  Rendering layout layouts/application.html.erb
  Rendering cats/edit.html.erb within layouts/application
  Rendered cats/_form.html.erb (Duration: 0.2ms | Allocations: 65)
  Rendered cats/edit.html.erb within layouts/application (Duration: 0.3ms | Allocations: 146)
  Rendered layout layouts/application.html.erb (Duration: 1.8ms | Allocations: 1336)
Completed 200 OK in 4ms (Views: 2.2ms | ActiveRecord: 0.3ms | Allocations: 2143)


Started GET "/cats/1/edit" for ::1 at 2022-08-26 17:17:44 -0400
Processing by CatsController#edit as HTML
  Parameters: {"id"=>"1"}
  [1m[36mCat Load (1.0ms)[0m  [1m[34mSELECT "cats".* FROM "cats" WHERE "cats"."id" = $1 LIMIT $2[0m  [["id", 1], ["LIMIT", 1]]
  ↳ app/controllers/cats_controller.rb:30:in `edit'
  Rendering layout layouts/application.html.erb
  Rendering cats/edit.html.erb within layouts/application
  Rendered cats/_form.html.erb (Duration: 0.4ms | Allocations: 65)
  Rendered cats/edit.html.erb within layouts/application (Duration: 0.9ms | Allocations: 146)
  Rendered layout layouts/application.html.erb (Duration: 5.0ms | Allocations: 1336)
Completed 200 OK in 10ms (Views: 5.7ms | ActiveRecord: 1.0ms | Allocations: 2048)


  [1m[36mCat Load (5.3ms)[0m  [1m[34mSELECT "cats".* FROM "cats" ORDER BY "cats"."id" ASC LIMIT $1[0m  [["LIMIT", 1]]
